Using pre-set license
Built from '2020.3/staging' branch; Version is '2020.3.18f1 (a7d1c678663c) revision 10998214'; Using compiler version '192528614'; Build Type 'Release'
OS: 'Windows 10 Pro; OS build 19043.1110; Version 2009; 64bit' Language: 'zh' Physical Memory: 65405 MB
BatchMode: 1, IsHumanControllingUs: 0, StartBugReporterOnCrash: 0, Is64bit: 1, IsPro: 0

COMMAND LINE ARGUMENTS:
C:\Program Files\Unity\Hub\Editor\2020.3.19f1\Editor\Unity.exe
-adb2
-batchMode
-noUpm
-name
AssetImportWorker0
-projectPath
C:/Users/LEE SUNGYEN/Desktop/w1/30th-October-2021
-logFile
Logs/AssetImportWorker0.log
-srvPort
60539
Successfully changed project path to: C:/Users/LEE SUNGYEN/Desktop/w1/30th-October-2021
C:/Users/LEE SUNGYEN/Desktop/w1/30th-October-2021
Using Asset Import Pipeline V2.
Refreshing native plugins compatible for Editor in 74.61 ms, found 5 plugins.
Preloading 0 native plugins for Editor in 0.00 ms.
Initialize engine version: 2020.3.18f1 (a7d1c678663c)
[Subsystems] Discovering subsystems at path C:/Program Files/Unity/Hub/Editor/2020.3.19f1/Editor/Data/Resources/UnitySubsystems
[Subsystems] Discovering subsystems at path C:/Users/LEE SUNGYEN/Desktop/w1/30th-October-2021/Assets
GfxDevice: creating device client; threaded=0
Direct3D:
    Version:  Direct3D 11.0 [level 11.1]
    Renderer: NVIDIA GeForce RTX 3080 Laptop GPU (ID=0x249c)
    Vendor:   
    VRAM:     8042 MB
    Driver:   27.21.14.6275
Initialize mono
Mono path[0] = 'C:/Program Files/Unity/Hub/Editor/2020.3.19f1/Editor/Data/Managed'
Mono path[1] = 'C:/Program Files/Unity/Hub/Editor/2020.3.19f1/Editor/Data/MonoBleedingEdge/lib/mono/unityjit'
Mono config path = 'C:/Program Files/Unity/Hub/Editor/2020.3.19f1/Editor/Data/MonoBleedingEdge/etc'
Using monoOptions --debugger-agent=transport=dt_socket,embedding=1,server=y,suspend=n,address=127.0.0.1:56144
Begin MonoManager ReloadAssembly
Registering precompiled unity dll's ...
Register platform support module: C:/Program Files/Unity/Hub/Editor/2020.3.19f1/Editor/Data/PlaybackEngines/WindowsStandaloneSupport/UnityEditor.WindowsStandalone.Extensions.dll
Registered in 0.002038 seconds.
Native extension for WindowsStandalone target not found
Refreshing native plugins compatible for Editor in 64.94 ms, found 5 plugins.
Preloading 0 native plugins for Editor in 0.00 ms.
Mono: successfully reloaded assembly
- Completed reload, in  1.063 seconds
Domain Reload Profiling:
	ReloadAssembly (1063ms)
		BeginReloadAssembly (53ms)
			ExecutionOrderSort (0ms)
			DisableScriptedObjects (0ms)
			BackupInstance (0ms)
			ReleaseScriptingObjects (0ms)
			CreateAndSetChildDomain (1ms)
		EndReloadAssembly (483ms)
			LoadAssemblies (51ms)
			RebuildTransferFunctionScriptingTraits (0ms)
			SetupTypeCache (164ms)
			ReleaseScriptCaches (0ms)
			RebuildScriptCaches (33ms)
			SetupLoadedEditorAssemblies (198ms)
				LogAssemblyErrors (0ms)
				InitializePlatformSupportModulesInManaged (3ms)
				SetLoadedEditorAssemblies (0ms)
				RefreshPlugins (65ms)
				BeforeProcessingInitializeOnLoad (16ms)
				ProcessInitializeOnLoadAttributes (80ms)
				ProcessInitializeOnLoadMethodAttributes (33ms)
				AfterProcessingInitializeOnLoad (0ms)
				EditorAssembliesLoaded (0ms)
			ExecutionOrderSort2 (0ms)
			AwakeInstancesAfterBackupRestoration (0ms)
Platform modules already initialized, skipping
Registering precompiled user dll's ...
Registered in 0.003997 seconds.
Begin MonoManager ReloadAssembly
Native extension for WindowsStandalone target not found
Refreshing native plugins compatible for Editor in 63.02 ms, found 5 plugins.
Preloading 0 native plugins for Editor in 0.00 ms.
Mono: successfully reloaded assembly
- Completed reload, in  1.292 seconds
Domain Reload Profiling:
	ReloadAssembly (1293ms)
		BeginReloadAssembly (157ms)
			ExecutionOrderSort (0ms)
			DisableScriptedObjects (5ms)
			BackupInstance (0ms)
			ReleaseScriptingObjects (0ms)
			CreateAndSetChildDomain (19ms)
		EndReloadAssembly (1069ms)
			LoadAssemblies (95ms)
			RebuildTransferFunctionScriptingTraits (0ms)
			SetupTypeCache (381ms)
			ReleaseScriptCaches (1ms)
			RebuildScriptCaches (74ms)
			SetupLoadedEditorAssemblies (389ms)
				LogAssemblyErrors (0ms)
				InitializePlatformSupportModulesInManaged (4ms)
				SetLoadedEditorAssemblies (0ms)
				RefreshPlugins (63ms)
				BeforeProcessingInitializeOnLoad (99ms)
				ProcessInitializeOnLoadAttributes (212ms)
				ProcessInitializeOnLoadMethodAttributes (6ms)
				AfterProcessingInitializeOnLoad (6ms)
				EditorAssembliesLoaded (0ms)
			ExecutionOrderSort2 (0ms)
			AwakeInstancesAfterBackupRestoration (6ms)
Platform modules already initialized, skipping
========================================================================
Worker process is ready to serve import requests
Launched and connected shader compiler UnityShaderCompiler.exe after 0.07 seconds
Refreshing native plugins compatible for Editor in 1.30 ms, found 5 plugins.
Preloading 0 native plugins for Editor in 0.00 ms.
Unloading 3430 Unused Serialized files (Serialized files now loaded: 0)
System memory in use before: 149.6 MB.
System memory in use after: 149.8 MB.

Unloading 24 unused Assets to reduce memory usage. Loaded Objects now: 3863.
Total: 6.305200 ms (FindLiveObjects: 1.204000 ms CreateObjectMapping: 0.686700 ms MarkObjects: 4.313700 ms  DeleteObjects: 0.096300 ms)

AssetImportParameters requested are different than current active one (requested -> active):
  custom:framework-win-MediaFoundation: 216162199b28c13a410421893ffa2e32 -> 
  custom:video-decoder-ogg-theora: a1e56fd34408186e4bbccfd4996cb3dc -> 
  custom:container-muxer-webm: aa71ff27fc2769a1b78a27578f13a17b -> 
  custom:container-demuxer-webm: 4f35f7cbe854078d1ac9338744f61a02 -> 
  custom:container-demuxer-ogg: 62fdf1f143b41e24485cea50d1cbac27 -> 
  custom:video-encoder-webm-vp8: eb34c28f22e8b96e1ab97ce403110664 -> 
  custom:video-codec-MediaFoundation-h265: 746d11721c4dcdbdad8f713fa42b33f4 -> 
  custom:video-decoder-webm-vp8: 9c59270c3fd7afecdb556c50c9e8de78 -> 
  custom:audio-decoder-ogg-vorbis: bf7c407c2cedff20999df2af8eb42d56 -> 
  custom:audio-encoder-webm-vorbis: bf7c407c2cedff20999df2af8eb42d56 -> 
========================================================================
Received Import Request.
  path: Assets/Materials/light_Renderer.asset
  artifactKey: Guid(81110a16ef1491e47acccbee78087d93) Importer(815301076,1909f56bfc062723c751e8b465ee728b)
Start importing Assets/Materials/light_Renderer.asset using Guid(81110a16ef1491e47acccbee78087d93) Importer(815301076,1909f56bfc062723c751e8b465ee728b)  -> (artifact id: '31d90f54f136ac6b491356fafc23f7b3') in 0.042926 seconds 
  Import took 0.049071 seconds .

========================================================================
Received Import Request.
  Time since last request: 0.000173 seconds.
  path: Assets/Materials/lightningTut.vfx
  artifactKey: Guid(83cefe90270a88148aa8249bd78c593c) Importer(815301076,1909f56bfc062723c751e8b465ee728b)
Start importing Assets/Materials/lightningTut.vfx using Guid(83cefe90270a88148aa8249bd78c593c) Importer(815301076,1909f56bfc062723c751e8b465ee728b)  -> (artifact id: 'a8e96415deccae38e904832865bafd34') in 0.004492 seconds 
  Import took 0.009268 seconds .

========================================================================
Received Import Request.
  Time since last request: 0.013962 seconds.
  path: Assets/Materials/light_Renderer.asset
  artifactKey: Guid(81110a16ef1491e47acccbee78087d93) Importer(815301076,1909f56bfc062723c751e8b465ee728b)
Start importing Assets/Materials/light_Renderer.asset using Guid(81110a16ef1491e47acccbee78087d93) Importer(815301076,1909f56bfc062723c751e8b465ee728b)  -> (artifact id: '31d90f54f136ac6b491356fafc23f7b3') in 0.002554 seconds 
  Import took 0.007781 seconds .

========================================================================
Received Import Request.
  Time since last request: 2.350896 seconds.
  path: Assets/Materials/lightningTut.vfx
  artifactKey: Guid(83cefe90270a88148aa8249bd78c593c) Importer(815301076,1909f56bfc062723c751e8b465ee728b)
Start importing Assets/Materials/lightningTut.vfx using Guid(83cefe90270a88148aa8249bd78c593c) Importer(815301076,1909f56bfc062723c751e8b465ee728b)  -> (artifact id: '83a5c9be5b6c77cd146bd6c970f3a1f7') in 0.005178 seconds 
  Import took 0.011679 seconds .

========================================================================
Received Import Request.
  Time since last request: 91.450540 seconds.
  path: Assets/Materials/Robot_.mat
  artifactKey: Guid(a5758e7793fd7c24a87d0c0d3c45ea10) Importer(815301076,1909f56bfc062723c751e8b465ee728b)
Start importing Assets/Materials/Robot_.mat using Guid(a5758e7793fd7c24a87d0c0d3c45ea10) Importer(815301076,1909f56bfc062723c751e8b465ee728b)  -> (artifact id: 'b5cd4510f206ddc5e27010bb7298641a') in 0.245016 seconds 
  Import took 0.250236 seconds .

========================================================================
Received Import Request.
  Time since last request: 9.451542 seconds.
  path: Assets/Materials/Robot_1.mat
  artifactKey: Guid(a5758e7793fd7c24a87d0c0d3c45ea10) Importer(815301076,1909f56bfc062723c751e8b465ee728b)
Start importing Assets/Materials/Robot_1.mat using Guid(a5758e7793fd7c24a87d0c0d3c45ea10) Importer(815301076,1909f56bfc062723c751e8b465ee728b)  -> (artifact id: '7ef51b040d5ab264347d9311136590d7') in 0.012248 seconds 
  Import took 0.019073 seconds .

========================================================================
Received Import Request.
  Time since last request: 43.168287 seconds.
  path: Assets/Materials/AdobeStock_134956511_Preview.jpeg
  artifactKey: Guid(c7c581d3e4fd763488bc651a4aa07717) Importer(815301076,1909f56bfc062723c751e8b465ee728b)
Start importing Assets/Materials/AdobeStock_134956511_Preview.jpeg using Guid(c7c581d3e4fd763488bc651a4aa07717) Importer(815301076,1909f56bfc062723c751e8b465ee728b)  -> (artifact id: '58879ebb521e096fdab56f7bd4134569') in 0.020733 seconds 
  Import took 0.025758 seconds .

========================================================================
Received Import Request.
  Time since last request: 0.000240 seconds.
  path: Assets/Materials/AdobeStock_320449015_Preview.jpeg
  artifactKey: Guid(68d1d6b2dadaefe47bb468f4222df7dc) Importer(815301076,1909f56bfc062723c751e8b465ee728b)
Start importing Assets/Materials/AdobeStock_320449015_Preview.jpeg using Guid(68d1d6b2dadaefe47bb468f4222df7dc) Importer(815301076,1909f56bfc062723c751e8b465ee728b)  -> (artifact id: '0877f9d630d2705b44a5e747136e3f52') in 0.012443 seconds 
  Import took 0.017694 seconds .

========================================================================
Received Import Request.
  Time since last request: 0.000175 seconds.
  path: Assets/Materials/AdobeStock_439058668_Preview.jpeg
  artifactKey: Guid(44b1ac9b0a9c201419a1cbaed2de901a) Importer(815301076,1909f56bfc062723c751e8b465ee728b)
Start importing Assets/Materials/AdobeStock_439058668_Preview.jpeg using Guid(44b1ac9b0a9c201419a1cbaed2de901a) Importer(815301076,1909f56bfc062723c751e8b465ee728b)  -> (artifact id: '82ac9cde0a64bd356b8369085c0c6be6') in 0.012207 seconds 
  Import took 0.017260 seconds .

========================================================================
Received Import Request.
  Time since last request: 0.000141 seconds.
  path: Assets/Materials/AdobeStock_439058644_Preview.jpeg
  artifactKey: Guid(0707128fb466b70419e5c62a9efbbb32) Importer(815301076,1909f56bfc062723c751e8b465ee728b)
Start importing Assets/Materials/AdobeStock_439058644_Preview.jpeg using Guid(0707128fb466b70419e5c62a9efbbb32) Importer(815301076,1909f56bfc062723c751e8b465ee728b)  -> (artifact id: '05d903ade6c058c5dcd75a2345aa5c64') in 0.011037 seconds 
  Import took 0.016129 seconds .

========================================================================
Received Import Request.
  Time since last request: 0.000253 seconds.
  path: Assets/Materials/AdobeStock_134956511_Preview.jpeg
  artifactKey: Guid(c7c581d3e4fd763488bc651a4aa07717) Importer(815301076,1909f56bfc062723c751e8b465ee728b)
Start importing Assets/Materials/AdobeStock_134956511_Preview.jpeg using Guid(c7c581d3e4fd763488bc651a4aa07717) Importer(815301076,1909f56bfc062723c751e8b465ee728b)  -> (artifact id: '58879ebb521e096fdab56f7bd4134569') in 0.011946 seconds 
  Import took 0.016590 seconds .

========================================================================
Received Import Request.
  Time since last request: 377.731088 seconds.
  path: Assets/Materials/robot_2.mat
  artifactKey: Guid(f1db9bfc336544e4fa19871ef8f7c398) Importer(815301076,1909f56bfc062723c751e8b465ee728b)
Start importing Assets/Materials/robot_2.mat using Guid(f1db9bfc336544e4fa19871ef8f7c398) Importer(815301076,1909f56bfc062723c751e8b465ee728b)  -> (artifact id: '072cdc3654a452acbbe376d60c3d1a87') in 0.013409 seconds 
  Import took 0.020024 seconds .

========================================================================
Received Import Request.
  Time since last request: 0.000271 seconds.
  path: Assets/Materials/yellow.mat
  artifactKey: Guid(015a30798e8c7e344a513a5eb9b9876e) Importer(815301076,1909f56bfc062723c751e8b465ee728b)
Start importing Assets/Materials/yellow.mat using Guid(015a30798e8c7e344a513a5eb9b9876e) Importer(815301076,1909f56bfc062723c751e8b465ee728b)  -> (artifact id: 'f13dd794e6664c58db3c6a1d5e34002b') in 0.015193 seconds 
  Import took 0.021274 seconds .

========================================================================
Received Import Request.
  Time since last request: 240.938695 seconds.
  path: Assets/Materials/robot_2.mat
  artifactKey: Guid(f1db9bfc336544e4fa19871ef8f7c398) Importer(815301076,1909f56bfc062723c751e8b465ee728b)
Start importing Assets/Materials/robot_2.mat using Guid(f1db9bfc336544e4fa19871ef8f7c398) Importer(815301076,1909f56bfc062723c751e8b465ee728b)  -> (artifact id: '4afef5efeeffb4ddf962a1aa053040d4') in 0.013146 seconds 
  Import took 0.019593 seconds .

========================================================================
Received Import Request.
  Time since last request: 0.000188 seconds.
  path: Assets/Materials/yellow.mat
  artifactKey: Guid(015a30798e8c7e344a513a5eb9b9876e) Importer(815301076,1909f56bfc062723c751e8b465ee728b)
Start importing Assets/Materials/yellow.mat using Guid(015a30798e8c7e344a513a5eb9b9876e) Importer(815301076,1909f56bfc062723c751e8b465ee728b)  -> (artifact id: '331b1b0aafe15bfda0462fc868472e53') in 0.011927 seconds 
  Import took 0.017133 seconds .

========================================================================
Received Import Request.
  Time since last request: 426.632969 seconds.
  path: Assets/Materials/robot_2 1.mat
  artifactKey: Guid(2561d1febb3f68640a5a00de98c170c4) Importer(815301076,1909f56bfc062723c751e8b465ee728b)
Start importing Assets/Materials/robot_2 1.mat using Guid(2561d1febb3f68640a5a00de98c170c4) Importer(815301076,1909f56bfc062723c751e8b465ee728b)  -> (artifact id: 'cfe5e1696c325d21bc0cb1b496165704') in 0.014770 seconds 
  Import took 0.022828 seconds .

========================================================================
Received Import Request.
  Time since last request: 0.000179 seconds.
  path: Assets/Materials/robot_3.mat
  artifactKey: Guid(7c11179ef734a7e4b907b1841eb0cc20) Importer(815301076,1909f56bfc062723c751e8b465ee728b)
Start importing Assets/Materials/robot_3.mat using Guid(7c11179ef734a7e4b907b1841eb0cc20) Importer(815301076,1909f56bfc062723c751e8b465ee728b)  -> (artifact id: '68c5b8ec6ab6378399930a269fa0f7e7') in 0.013879 seconds 
  Import took 0.019740 seconds .

========================================================================
Received Import Request.
  Time since last request: 0.000235 seconds.
  path: Assets/Materials/yellow.mat
  artifactKey: Guid(015a30798e8c7e344a513a5eb9b9876e) Importer(815301076,1909f56bfc062723c751e8b465ee728b)
Start importing Assets/Materials/yellow.mat using Guid(015a30798e8c7e344a513a5eb9b9876e) Importer(815301076,1909f56bfc062723c751e8b465ee728b)  -> (artifact id: 'b2c26b057cdb75956229e752eac27916') in 0.013846 seconds 
  Import took 0.019060 seconds .

========================================================================
Received Import Request.
  Time since last request: 0.000225 seconds.
  path: Assets/Materials/robot_2.mat
  artifactKey: Guid(f1db9bfc336544e4fa19871ef8f7c398) Importer(815301076,1909f56bfc062723c751e8b465ee728b)
Start importing Assets/Materials/robot_2.mat using Guid(f1db9bfc336544e4fa19871ef8f7c398) Importer(815301076,1909f56bfc062723c751e8b465ee728b)  -> (artifact id: 'fe81a94cefe30b2d00787e8038dd8508') in 0.013027 seconds 
  Import took 0.017939 seconds .

========================================================================
Received Import Request.
  Time since last request: 2352.227515 seconds.
  path: Assets/Materials/robot_3.mat
  artifactKey: Guid(7c11179ef734a7e4b907b1841eb0cc20) Importer(815301076,1909f56bfc062723c751e8b465ee728b)
Start importing Assets/Materials/robot_3.mat using Guid(7c11179ef734a7e4b907b1841eb0cc20) Importer(815301076,1909f56bfc062723c751e8b465ee728b)  -> (artifact id: 'd5c8d1e41e6db9deb80f9d9f1f3d7897') in 0.013583 seconds 
  Import took 0.019471 seconds .

========================================================================
Received Import Request.
  Time since last request: 0.000130 seconds.
  path: Assets/Materials/yellow.mat
  artifactKey: Guid(015a30798e8c7e344a513a5eb9b9876e) Importer(815301076,1909f56bfc062723c751e8b465ee728b)
Start importing Assets/Materials/yellow.mat using Guid(015a30798e8c7e344a513a5eb9b9876e) Importer(815301076,1909f56bfc062723c751e8b465ee728b)  -> (artifact id: 'cc55817ae7ca98892673a54b6fbfc2f7') in 0.010835 seconds 
  Import took 0.016275 seconds .

========================================================================
Received Import Request.
  Time since last request: 0.000172 seconds.
  path: Assets/Materials/robot_4.mat
  artifactKey: Guid(20bbf142b0dbd914dbc09d7a33509a2b) Importer(815301076,1909f56bfc062723c751e8b465ee728b)
Start importing Assets/Materials/robot_4.mat using Guid(20bbf142b0dbd914dbc09d7a33509a2b) Importer(815301076,1909f56bfc062723c751e8b465ee728b)  -> (artifact id: 'ecd5a5077d3abd20ce3de8c3e322838e') in 0.011425 seconds 
  Import took 0.016562 seconds .

========================================================================
Received Import Request.
  Time since last request: 91.049187 seconds.
  path: Assets/Materials/Metal_Sheet_uehffbmew_surface_Preview.png
  artifactKey: Guid(9bbc049312cc87d4594a3a15dfdc1386) Importer(815301076,1909f56bfc062723c751e8b465ee728b)
Start importing Assets/Materials/Metal_Sheet_uehffbmew_surface_Preview.png using Guid(9bbc049312cc87d4594a3a15dfdc1386) Importer(815301076,1909f56bfc062723c751e8b465ee728b)  -> (artifact id: 'a5235d7afcf2265c7ee71af2efed5e0a') in 0.015542 seconds 
  Import took 0.021059 seconds .

========================================================================
Received Import Request.
  Time since last request: 105.505453 seconds.
  path: Assets/Materials/robot_4.mat
  artifactKey: Guid(20bbf142b0dbd914dbc09d7a33509a2b) Importer(815301076,1909f56bfc062723c751e8b465ee728b)
Start importing Assets/Materials/robot_4.mat using Guid(20bbf142b0dbd914dbc09d7a33509a2b) Importer(815301076,1909f56bfc062723c751e8b465ee728b)  -> (artifact id: '1f3d7504c738eac611ca924e249d0859') in 0.014784 seconds 
  Import took 0.020112 seconds .

========================================================================
Received Import Request.
  Time since last request: 112.401310 seconds.
  path: Assets/Materials/AdobeStock_267938472_Preview.jpeg
  artifactKey: Guid(b582f41d8ef1efa43b0ba0017c7bd746) Importer(815301076,1909f56bfc062723c751e8b465ee728b)
Start importing Assets/Materials/AdobeStock_267938472_Preview.jpeg using Guid(b582f41d8ef1efa43b0ba0017c7bd746) Importer(815301076,1909f56bfc062723c751e8b465ee728b)  -> (artifact id: '4fd981339b08508fe70108a7f56e1db4') in 0.012931 seconds 
  Import took 0.018629 seconds .

========================================================================
Received Import Request.
  Time since last request: 0.000228 seconds.
  path: Assets/Materials/AdobeStock_327530481_Preview.jpeg
  artifactKey: Guid(569b4544b571389448f7e66a2d63e80d) Importer(815301076,1909f56bfc062723c751e8b465ee728b)
Start importing Assets/Materials/AdobeStock_327530481_Preview.jpeg using Guid(569b4544b571389448f7e66a2d63e80d) Importer(815301076,1909f56bfc062723c751e8b465ee728b)  -> (artifact id: '59b50248386f5a1e432c260c0398af93') in 0.012355 seconds 
  Import took 0.017246 seconds .

========================================================================
Received Import Request.
  Time since last request: 65.435744 seconds.
  path: Assets/Materials/Metal_Sheet_uehffbmew_surface_Preview.png
  artifactKey: Guid(9bbc049312cc87d4594a3a15dfdc1386) Importer(815301076,1909f56bfc062723c751e8b465ee728b)
Start importing Assets/Materials/Metal_Sheet_uehffbmew_surface_Preview.png using Guid(9bbc049312cc87d4594a3a15dfdc1386) Importer(815301076,1909f56bfc062723c751e8b465ee728b)  -> (artifact id: '5e80152a5cfb2843d74d2fdd0a21d355') in 0.011513 seconds 
  Import took 0.017052 seconds .

========================================================================
Received Import Request.
  Time since last request: 64.727545 seconds.
  path: Assets/Materials/New Material.mat
  artifactKey: Guid(82e020f022301c9419c16b17c34385ed) Importer(815301076,1909f56bfc062723c751e8b465ee728b)
Start importing Assets/Materials/New Material.mat using Guid(82e020f022301c9419c16b17c34385ed) Importer(815301076,1909f56bfc062723c751e8b465ee728b)  -> (artifact id: '922a06ac50acbb66efc9d27fb85805e6') in 0.013727 seconds 
  Import took 0.019503 seconds .

========================================================================
Received Import Request.
  Time since last request: 39.074527 seconds.
  path: Assets/Materials/New Material 1.mat
  artifactKey: Guid(323ad5552785bf745a4a7f51b9e4e4a9) Importer(815301076,1909f56bfc062723c751e8b465ee728b)
Start importing Assets/Materials/New Material 1.mat using Guid(323ad5552785bf745a4a7f51b9e4e4a9) Importer(815301076,1909f56bfc062723c751e8b465ee728b)  -> (artifact id: 'bbac9fda3adc5b452cb0def2e1dccdbc') in 0.012817 seconds 
  Import took 0.018313 seconds .

========================================================================
Received Import Request.
  Time since last request: 23.818391 seconds.
  path: Assets/Materials/Robot_4.mat
  artifactKey: Guid(82e020f022301c9419c16b17c34385ed) Importer(815301076,1909f56bfc062723c751e8b465ee728b)
Start importing Assets/Materials/Robot_4.mat using Guid(82e020f022301c9419c16b17c34385ed) Importer(815301076,1909f56bfc062723c751e8b465ee728b)  -> (artifact id: '73f17d52654a2b06ba6875a8dba8818f') in 0.013022 seconds 
  Import took 0.018770 seconds .

========================================================================
Received Import Request.
  Time since last request: 169.372384 seconds.
  path: Assets/Materials/Robot_4.mat
  artifactKey: Guid(82e020f022301c9419c16b17c34385ed) Importer(815301076,1909f56bfc062723c751e8b465ee728b)
Start importing Assets/Materials/Robot_4.mat using Guid(82e020f022301c9419c16b17c34385ed) Importer(815301076,1909f56bfc062723c751e8b465ee728b)  -> (artifact id: 'ae0903e7a3fb1d268ffb56d9ebac6451') in 0.014476 seconds 
  Import took 0.022482 seconds .

========================================================================
Received Import Request.
  Time since last request: 62.663184 seconds.
  path: Assets/Materials/AdobeStock_327530481_Preview 1.jpeg
  artifactKey: Guid(a5c76b95f094ed9428125ccbdb255dc9) Importer(815301076,1909f56bfc062723c751e8b465ee728b)
Start importing Assets/Materials/AdobeStock_327530481_Preview 1.jpeg using Guid(a5c76b95f094ed9428125ccbdb255dc9) Importer(815301076,1909f56bfc062723c751e8b465ee728b)  -> (artifact id: '78bf5eee49441236015c11380edf1e20') in 0.011448 seconds 
  Import took 0.016834 seconds .

========================================================================
Received Import Request.
  Time since last request: 20.070801 seconds.
  path: Assets/Materials/Materials
  artifactKey: Guid(eb8ce7c3dc5166640b9394b0e07f0b3b) Importer(815301076,1909f56bfc062723c751e8b465ee728b)
Start importing Assets/Materials/Materials using Guid(eb8ce7c3dc5166640b9394b0e07f0b3b) Importer(815301076,1909f56bfc062723c751e8b465ee728b)  -> (artifact id: '30d0466be76232b32a9762a62728c4db') in 0.007241 seconds 
  Import took 0.014109 seconds .

========================================================================
Received Import Request.
  Time since last request: 0.067487 seconds.
  path: Assets/Materials/Materials/AdobeStock_267938472_Preview.mat
  artifactKey: Guid(7e2ed110fc24aca41b8b04d9661e031d) Importer(815301076,1909f56bfc062723c751e8b465ee728b)
Start importing Assets/Materials/Materials/AdobeStock_267938472_Preview.mat using Guid(7e2ed110fc24aca41b8b04d9661e031d) Importer(815301076,1909f56bfc062723c751e8b465ee728b)  -> (artifact id: 'c16ceb1d154fa165142a4c9cc1bb6e74') in 0.009851 seconds 
  Import took 0.015868 seconds .

========================================================================
Received Import Request.
  Time since last request: 0.000217 seconds.
  path: Assets/Materials/Materials/Metal_Sheet_uehffbmew_surface_Preview.mat
  artifactKey: Guid(b5e6c0f13210a254097b30032d76f0f6) Importer(815301076,1909f56bfc062723c751e8b465ee728b)
Start importing Assets/Materials/Materials/Metal_Sheet_uehffbmew_surface_Preview.mat using Guid(b5e6c0f13210a254097b30032d76f0f6) Importer(815301076,1909f56bfc062723c751e8b465ee728b)  -> (artifact id: '33c219145c866ccb76d1b80f11fe62f9') in 0.007958 seconds 
  Import took 0.013970 seconds .

========================================================================
Received Import Request.
  Time since last request: 164.554636 seconds.
  path: Assets/Materials/Robot_5.mat
  artifactKey: Guid(310d8697a4fec6342aaaf0cdd754a901) Importer(815301076,1909f56bfc062723c751e8b465ee728b)
Start importing Assets/Materials/Robot_5.mat using Guid(310d8697a4fec6342aaaf0cdd754a901) Importer(815301076,1909f56bfc062723c751e8b465ee728b)  -> (artifact id: 'b0e79b9db4c2a46c31b22467442ee19b') in 0.012999 seconds 
  Import took 0.018699 seconds .

========================================================================
Received Import Request.
  Time since last request: 35.600333 seconds.
  path: Assets/Materials/Robot_5.mat
  artifactKey: Guid(310d8697a4fec6342aaaf0cdd754a901) Importer(815301076,1909f56bfc062723c751e8b465ee728b)
Start importing Assets/Materials/Robot_5.mat using Guid(310d8697a4fec6342aaaf0cdd754a901) Importer(815301076,1909f56bfc062723c751e8b465ee728b)  -> (artifact id: 'a8b169a30d68b02e82ad63e1b5bc9c21') in 0.012147 seconds 
  Import took 0.017363 seconds .

========================================================================
Received Import Request.
  Time since last request: 1715.278423 seconds.
  path: Assets/Materials/AdobeStock_327530481_Preview.jpg
  artifactKey: Guid(12b561f1d6a5bcb429c6259574ab5320) Importer(815301076,1909f56bfc062723c751e8b465ee728b)
Start importing Assets/Materials/AdobeStock_327530481_Preview.jpg using Guid(12b561f1d6a5bcb429c6259574ab5320) Importer(815301076,1909f56bfc062723c751e8b465ee728b)  -> (artifact id: '39cabb7fcb827bf9becc56c8b71a5d5d') in 0.013990 seconds 
  Import took 0.019600 seconds .

========================================================================
Received Import Request.
  Time since last request: 128.879838 seconds.
  path: Assets/Materials/L1.mat
  artifactKey: Guid(4f420f5cacb58d64bb1dd5f1bee7fbf6) Importer(815301076,1909f56bfc062723c751e8b465ee728b)
Start importing Assets/Materials/L1.mat using Guid(4f420f5cacb58d64bb1dd5f1bee7fbf6) Importer(815301076,1909f56bfc062723c751e8b465ee728b)  -> (artifact id: 'a8f9b521869a6ca4673b22cbeb36f564') in 0.016653 seconds 
  Import took 0.023069 seconds .

========================================================================
Received Import Request.
  Time since last request: 0.000164 seconds.
  path: Assets/Materials/Robot_5 1.mat
  artifactKey: Guid(8256c3444853d1c47afaa92a346f2925) Importer(815301076,1909f56bfc062723c751e8b465ee728b)
Start importing Assets/Materials/Robot_5 1.mat using Guid(8256c3444853d1c47afaa92a346f2925) Importer(815301076,1909f56bfc062723c751e8b465ee728b)  -> (artifact id: '3cea664b45f879267ce98d4146caae94') in 0.015064 seconds 
  Import took 0.020186 seconds .

========================================================================
Received Import Request.
  Time since last request: 0.000130 seconds.
  path: Assets/Materials/Robot_5.mat
  artifactKey: Guid(310d8697a4fec6342aaaf0cdd754a901) Importer(815301076,1909f56bfc062723c751e8b465ee728b)
Start importing Assets/Materials/Robot_5.mat using Guid(310d8697a4fec6342aaaf0cdd754a901) Importer(815301076,1909f56bfc062723c751e8b465ee728b)  -> (artifact id: '19e8ac78702f50b59e6c8ac0976236ba') in 0.015318 seconds 
  Import took 0.020970 seconds .

========================================================================
Received Import Request.
  Time since last request: 0.000176 seconds.
  path: Assets/Materials/Robot_6.mat
  artifactKey: Guid(9bf2b58a50569fb4c97233afc39de6be) Importer(815301076,1909f56bfc062723c751e8b465ee728b)
Start importing Assets/Materials/Robot_6.mat using Guid(9bf2b58a50569fb4c97233afc39de6be) Importer(815301076,1909f56bfc062723c751e8b465ee728b)  -> (artifact id: 'b72926adef910d5942a99939ebaec637') in 0.011739 seconds 
  Import took 0.016709 seconds .

========================================================================
Received Import Request.
  Time since last request: 49.748743 seconds.
  path: Assets/Materials/Robot_6.mat
  artifactKey: Guid(9bf2b58a50569fb4c97233afc39de6be) Importer(815301076,1909f56bfc062723c751e8b465ee728b)
Start importing Assets/Materials/Robot_6.mat using Guid(9bf2b58a50569fb4c97233afc39de6be) Importer(815301076,1909f56bfc062723c751e8b465ee728b)  -> (artifact id: '02458ab3318773c188d35a57632abe98') in 0.013190 seconds 
  Import took 0.019408 seconds .

========================================================================
Received Import Request.
  Time since last request: 37.955686 seconds.
  path: Assets/Materials/lightning.shadergraph
  artifactKey: Guid(41f4a736a40278e46a2ee2ab21aae5b5) Importer(815301076,1909f56bfc062723c751e8b465ee728b)
Start importing Assets/Materials/lightning.shadergraph using Guid(41f4a736a40278e46a2ee2ab21aae5b5) Importer(815301076,1909f56bfc062723c751e8b465ee728b)  -> (artifact id: 'd04d0e69ae3d160baf7655ccf3c85b29') in 0.007046 seconds 
  Import took 0.011853 seconds .

========================================================================
Received Import Request.
  Time since last request: 0.392256 seconds.
  path: Assets/Materials/lightning.shadergraph
  artifactKey: Guid(41f4a736a40278e46a2ee2ab21aae5b5) Importer(815301076,1909f56bfc062723c751e8b465ee728b)
Start importing Assets/Materials/lightning.shadergraph using Guid(41f4a736a40278e46a2ee2ab21aae5b5) Importer(815301076,1909f56bfc062723c751e8b465ee728b)  -> (artifact id: 'd04d0e69ae3d160baf7655ccf3c85b29') in 0.002101 seconds 
  Import took 0.007828 seconds .

========================================================================
Received Import Request.
  Time since last request: 27.381702 seconds.
  path: Assets/Materials/Shader Graphs_lighttt.mat
  artifactKey: Guid(70bdd8ae1df537041b4ba852c3a2434e) Importer(815301076,1909f56bfc062723c751e8b465ee728b)
Start importing Assets/Materials/Shader Graphs_lighttt.mat using Guid(70bdd8ae1df537041b4ba852c3a2434e) Importer(815301076,1909f56bfc062723c751e8b465ee728b)  -> (artifact id: 'c8e95c5e86e3399d77934a45fe7551f7') in 0.016388 seconds 
  Import took 0.022031 seconds .

========================================================================
Received Import Request.
  Time since last request: 236.007057 seconds.
  path: Assets/Materials/Robot_4.mat
  artifactKey: Guid(82e020f022301c9419c16b17c34385ed) Importer(815301076,1909f56bfc062723c751e8b465ee728b)
Start importing Assets/Materials/Robot_4.mat using Guid(82e020f022301c9419c16b17c34385ed) Importer(815301076,1909f56bfc062723c751e8b465ee728b)  -> (artifact id: '4be19faeb40989bbee939871283dfd56') in 0.013882 seconds 
  Import took 0.020140 seconds .

========================================================================
Received Import Request.
  Time since last request: 163.541695 seconds.
  path: Assets/Materials/L2.mat
  artifactKey: Guid(eaae0bb9c1ef6d04498bc12fa3fd8e18) Importer(815301076,1909f56bfc062723c751e8b465ee728b)
Start importing Assets/Materials/L2.mat using Guid(eaae0bb9c1ef6d04498bc12fa3fd8e18) Importer(815301076,1909f56bfc062723c751e8b465ee728b)  -> (artifact id: 'd901a00b462176dcec226f4703578f09') in 0.013827 seconds 
  Import took 0.019107 seconds .

========================================================================
Received Import Request.
  Time since last request: 116.011994 seconds.
  path: Assets/Materials/lighttt.shadergraph
  artifactKey: Guid(b1026c556dcb8d64fa10858814f20bbd) Importer(815301076,1909f56bfc062723c751e8b465ee728b)
Start importing Assets/Materials/lighttt.shadergraph using Guid(b1026c556dcb8d64fa10858814f20bbd) Importer(815301076,1909f56bfc062723c751e8b465ee728b)  -> (artifact id: 'c8df7fcd9315fc0677105ecb1160e13f') in 0.006817 seconds 
  Import took 0.012470 seconds .

========================================================================
Received Import Request.
  Time since last request: 0.002663 seconds.
  path: Assets/Materials/lighttt.shadergraph
  artifactKey: Guid(b1026c556dcb8d64fa10858814f20bbd) Importer(815301076,1909f56bfc062723c751e8b465ee728b)
Start importing Assets/Materials/lighttt.shadergraph using Guid(b1026c556dcb8d64fa10858814f20bbd) Importer(815301076,1909f56bfc062723c751e8b465ee728b)  -> (artifact id: 'c8df7fcd9315fc0677105ecb1160e13f') in 0.002839 seconds 
  Import took 0.008305 seconds .

========================================================================
Received Import Request.
  Time since last request: 42.719205 seconds.
  path: Assets/Materials/Robot_6 1.mat
  artifactKey: Guid(0d783f0de2b30724a9dc801e4aeb2a12) Importer(815301076,1909f56bfc062723c751e8b465ee728b)
Start importing Assets/Materials/Robot_6 1.mat using Guid(0d783f0de2b30724a9dc801e4aeb2a12) Importer(815301076,1909f56bfc062723c751e8b465ee728b)  -> (artifact id: '47e7f27498f8579c1fcc713618683c3f') in 0.013538 seconds 
  Import took 0.018939 seconds .

========================================================================
Received Import Request.
  Time since last request: 0.000225 seconds.
  path: Assets/Materials/lighttt 1.shadergraph
  artifactKey: Guid(ce297dd7a124ba448b917be3f018f5be) Importer(815301076,1909f56bfc062723c751e8b465ee728b)
Start importing Assets/Materials/lighttt 1.shadergraph using Guid(ce297dd7a124ba448b917be3f018f5be) Importer(815301076,1909f56bfc062723c751e8b465ee728b)  -> (artifact id: '91eeb982f912e84cf6ce73e6011f2397') in 0.007529 seconds 
  Import took 0.012446 seconds .

========================================================================
Received Import Request.
  Time since last request: 0.000209 seconds.
  path: Assets/Materials/Robot_6.mat
  artifactKey: Guid(9bf2b58a50569fb4c97233afc39de6be) Importer(815301076,1909f56bfc062723c751e8b465ee728b)
Start importing Assets/Materials/Robot_6.mat using Guid(9bf2b58a50569fb4c97233afc39de6be) Importer(815301076,1909f56bfc062723c751e8b465ee728b)  -> (artifact id: '62e62c8d41eebaaba5ab8569097e38b8') in 0.011218 seconds 
  Import took 0.017767 seconds .

========================================================================
Received Import Request.
  Time since last request: 84.556716 seconds.
  path: Assets/Materials/lighttt 1.shadergraph
  artifactKey: Guid(ce297dd7a124ba448b917be3f018f5be) Importer(815301076,1909f56bfc062723c751e8b465ee728b)
Start importing Assets/Materials/lighttt 1.shadergraph using Guid(ce297dd7a124ba448b917be3f018f5be) Importer(815301076,1909f56bfc062723c751e8b465ee728b)  -> (artifact id: '155ea76a00594a86728602f25242daca') in 0.003210 seconds 
  Import took 0.008787 seconds .

========================================================================
Received Import Request.
  Time since last request: 0.312105 seconds.
  path: Assets/Materials/lighttt 1.shadergraph
  artifactKey: Guid(ce297dd7a124ba448b917be3f018f5be) Importer(815301076,1909f56bfc062723c751e8b465ee728b)
Start importing Assets/Materials/lighttt 1.shadergraph using Guid(ce297dd7a124ba448b917be3f018f5be) Importer(815301076,1909f56bfc062723c751e8b465ee728b)  -> (artifact id: '155ea76a00594a86728602f25242daca') in 0.003667 seconds 
  Import took 0.009008 seconds .

========================================================================
Received Import Request.
  Time since last request: 9.008243 seconds.
  path: Assets/Materials/L3.mat
  artifactKey: Guid(e51fd670cc1be5545a398399aad83732) Importer(815301076,1909f56bfc062723c751e8b465ee728b)
Start importing Assets/Materials/L3.mat using Guid(e51fd670cc1be5545a398399aad83732) Importer(815301076,1909f56bfc062723c751e8b465ee728b)  -> (artifact id: 'f8420e4d74c7e4a8cd65f5cd17626927') in 0.039747 seconds 
  Import took 0.045218 seconds .

========================================================================
Received Import Request.
  Time since last request: 120.887232 seconds.
  path: Assets/Materials/L3.mat
  artifactKey: Guid(e51fd670cc1be5545a398399aad83732) Importer(815301076,1909f56bfc062723c751e8b465ee728b)
Start importing Assets/Materials/L3.mat using Guid(e51fd670cc1be5545a398399aad83732) Importer(815301076,1909f56bfc062723c751e8b465ee728b)  -> (artifact id: '465ed74274f0fbf9b9818aa0e8344163') in 0.021308 seconds 
  Import took 0.026888 seconds .

========================================================================
Received Import Request.
  Time since last request: 53.799076 seconds.
  path: Assets/Materials/L1.mat
  artifactKey: Guid(4f420f5cacb58d64bb1dd5f1bee7fbf6) Importer(815301076,1909f56bfc062723c751e8b465ee728b)
Start importing Assets/Materials/L1.mat using Guid(4f420f5cacb58d64bb1dd5f1bee7fbf6) Importer(815301076,1909f56bfc062723c751e8b465ee728b)  -> (artifact id: '22e931fc01771f74eec6b4fc59db247b') in 0.013351 seconds 
  Import took 0.018357 seconds .

========================================================================
Received Import Request.
  Time since last request: 956.977012 seconds.
  path: Assets/Materials/L1 1.mat
  artifactKey: Guid(d7e16203d87100543994c15ff6c37303) Importer(815301076,1909f56bfc062723c751e8b465ee728b)
Start importing Assets/Materials/L1 1.mat using Guid(d7e16203d87100543994c15ff6c37303) Importer(815301076,1909f56bfc062723c751e8b465ee728b)  -> (artifact id: 'a78148ce9ac51a1047014dd2a904e24c') in 0.016099 seconds 
  Import took 0.022176 seconds .

AssetImportWorkerClient::OnTransportError - code=2 error=End of file
